Determining if the pthread_create exist failed with the following output:
Change Dir: /home/liang/robot_ws/src/cmake-build-debug/CMakeFiles/CMakeTmp

Run Build Command:"/usr/bin/make" "cmTC_c9d90/fast"
/usr/bin/make -f CMakeFiles/cmTC_c9d90.dir/build.make CMakeFiles/cmTC_c9d90.dir/build
make[1]: Entering directory '/home/liang/robot_ws/src/cmake-build-debug/CMakeFiles/CMakeTmp'
Building C object CMakeFiles/cmTC_c9d90.dir/CheckSymbolExists.c.o
/usr/bin/cc    -o CMakeFiles/cmTC_c9d90.dir/CheckSymbolExists.c.o   -c /home/liang/robot_ws/src/cmake-build-debug/CMakeFiles/CMakeTmp/CheckSymbolExists.c
Linking C executable cmTC_c9d90
/home/liang/下载/clion-2017.2.1/bin/cmake/bin/cmake -E cmake_link_script CMakeFiles/cmTC_c9d90.dir/link.txt --verbose=1
/usr/bin/cc      -rdynamic CMakeFiles/cmTC_c9d90.dir/CheckSymbolExists.c.o  -o cmTC_c9d90 
CMakeFiles/cmTC_c9d90.dir/CheckSymbolExists.c.o：在函数‘main’中：
CheckSymbolExists.c:(.text+0x16)：对‘pthread_create’未定义的引用
collect2: error: ld returned 1 exit status
CMakeFiles/cmTC_c9d90.dir/build.make:97: recipe for target 'cmTC_c9d90' failed
make[1]: *** [cmTC_c9d90] Error 1
make[1]: Leaving directory '/home/liang/robot_ws/src/cmake-build-debug/CMakeFiles/CMakeTmp'
Makefile:126: recipe for target 'cmTC_c9d90/fast' failed
make: *** [cmTC_c9d90/fast] Error 2

File /home/liang/robot_ws/src/cmake-build-debug/CMakeFiles/CMakeTmp/CheckSymbolExists.c:
/* */
#include <pthread.h>

int main(int argc, char** argv)
{
  (void)argv;
#ifndef pthread_create
  return ((int*)(&pthread_create))[argc];
#else
  (void)argc;
  return 0;
#endif
}

Determining if the function pthread_create exists in the pthreads failed with the following output:
Change Dir: /home/liang/robot_ws/src/cmake-build-debug/CMakeFiles/CMakeTmp

Run Build Command:"/usr/bin/make" "cmTC_b6859/fast"
/usr/bin/make -f CMakeFiles/cmTC_b6859.dir/build.make CMakeFiles/cmTC_b6859.dir/build
make[1]: Entering directory '/home/liang/robot_ws/src/cmake-build-debug/CMakeFiles/CMakeTmp'
Building C object CMakeFiles/cmTC_b6859.dir/CheckFunctionExists.c.o
/usr/bin/cc   -DCHECK_FUNCTION_EXISTS=pthread_create   -o CMakeFiles/cmTC_b6859.dir/CheckFunctionExists.c.o   -c /home/liang/下载/clion-2017.2.1/bin/cmake/share/cmake-3.8/Modules/CheckFunctionExists.c
Linking C executable cmTC_b6859
/home/liang/下载/clion-2017.2.1/bin/cmake/bin/cmake -E cmake_link_script CMakeFiles/cmTC_b6859.dir/link.txt --verbose=1
/usr/bin/cc  -DCHECK_FUNCTION_EXISTS=pthread_create    -rdynamic CMakeFiles/cmTC_b6859.dir/CheckFunctionExists.c.o  -o cmTC_b6859 -lpthreads 
/usr/bin/ld: 找不到 -lpthreads
collect2: error: ld returned 1 exit status
CMakeFiles/cmTC_b6859.dir/build.make:97: recipe for target 'cmTC_b6859' failed
make[1]: *** [cmTC_b6859] Error 1
make[1]: Leaving directory '/home/liang/robot_ws/src/cmake-build-debug/CMakeFiles/CMakeTmp'
Makefile:126: recipe for target 'cmTC_b6859/fast' failed
make: *** [cmTC_b6859/fast] Error 2


Determining if the pthread_create exist failed with the following output:
Change Dir: /home/liang/robot_ws/src/cmake-build-debug/CMakeFiles/CMakeTmp

Run Build Command:"/usr/bin/make" "cmTC_69138/fast"
/usr/bin/make -f CMakeFiles/cmTC_69138.dir/build.make CMakeFiles/cmTC_69138.dir/build
make[1]: Entering directory '/home/liang/robot_ws/src/cmake-build-debug/CMakeFiles/CMakeTmp'
Building C object CMakeFiles/cmTC_69138.dir/CheckSymbolExists.c.o
/usr/bin/cc    -o CMakeFiles/cmTC_69138.dir/CheckSymbolExists.c.o   -c /home/liang/robot_ws/src/cmake-build-debug/CMakeFiles/CMakeTmp/CheckSymbolExists.c
Linking C executable cmTC_69138
/home/liang/下载/clion-2017.2.1/bin/cmake/bin/cmake -E cmake_link_script CMakeFiles/cmTC_69138.dir/link.txt --verbose=1
/usr/bin/cc      -rdynamic CMakeFiles/cmTC_69138.dir/CheckSymbolExists.c.o  -o cmTC_69138 
CMakeFiles/cmTC_69138.dir/CheckSymbolExists.c.o：在函数‘main’中：
CheckSymbolExists.c:(.text+0x16)：对‘pthread_create’未定义的引用
collect2: error: ld returned 1 exit status
CMakeFiles/cmTC_69138.dir/build.make:97: recipe for target 'cmTC_69138' failed
make[1]: *** [cmTC_69138] Error 1
make[1]: Leaving directory '/home/liang/robot_ws/src/cmake-build-debug/CMakeFiles/CMakeTmp'
Makefile:126: recipe for target 'cmTC_69138/fast' failed
make: *** [cmTC_69138/fast] Error 2

File /home/liang/robot_ws/src/cmake-build-debug/CMakeFiles/CMakeTmp/CheckSymbolExists.c:
/* */
#include <pthread.h>

int main(int argc, char** argv)
{
  (void)argv;
#ifndef pthread_create
  return ((int*)(&pthread_create))[argc];
#else
  (void)argc;
  return 0;
#endif
}

Determining if the function pthread_create exists in the pthreads failed with the following output:
Change Dir: /home/liang/robot_ws/src/cmake-build-debug/CMakeFiles/CMakeTmp

Run Build Command:"/usr/bin/make" "cmTC_63bb8/fast"
/usr/bin/make -f CMakeFiles/cmTC_63bb8.dir/build.make CMakeFiles/cmTC_63bb8.dir/build
make[1]: Entering directory '/home/liang/robot_ws/src/cmake-build-debug/CMakeFiles/CMakeTmp'
Building C object CMakeFiles/cmTC_63bb8.dir/CheckFunctionExists.c.o
/usr/bin/cc   -DCHECK_FUNCTION_EXISTS=pthread_create   -o CMakeFiles/cmTC_63bb8.dir/CheckFunctionExists.c.o   -c /home/liang/下载/clion-2017.2.1/bin/cmake/share/cmake-3.8/Modules/CheckFunctionExists.c
Linking C executable cmTC_63bb8
/home/liang/下载/clion-2017.2.1/bin/cmake/bin/cmake -E cmake_link_script CMakeFiles/cmTC_63bb8.dir/link.txt --verbose=1
/usr/bin/cc  -DCHECK_FUNCTION_EXISTS=pthread_create    -rdynamic CMakeFiles/cmTC_63bb8.dir/CheckFunctionExists.c.o  -o cmTC_63bb8 -lpthreads 
/usr/bin/ld: 找不到 -lpthreads
collect2: error: ld returned 1 exit status
CMakeFiles/cmTC_63bb8.dir/build.make:97: recipe for target 'cmTC_63bb8' failed
make[1]: *** [cmTC_63bb8] Error 1
make[1]: Leaving directory '/home/liang/robot_ws/src/cmake-build-debug/CMakeFiles/CMakeTmp'
Makefile:126: recipe for target 'cmTC_63bb8/fast' failed
make: *** [cmTC_63bb8/fast] Error 2


